{"name":"Open KPI Sensor/FCM/Lanes","status":"broken","statusDetails":{"known":false,"muted":false,"flaky":false,"message":"Step [user compares the average of the row values with the total value for column 1] is defined with 1 parameters at 'steps.BaseSteps.userComparesTheAverageOfTheRowValuesWithTheTotalValueForColumn1(int)'.\nHowever, the gherkin step has 0 arguments.\nStep text: user compares the average of the row values with the total value for column 1","trace":"io.cucumber.core.exception.CucumberException: Step [user compares the average of the row values with the total value for column 1] is defined with 1 parameters at 'steps.BaseSteps.userComparesTheAverageOfTheRowValuesWithTheTotalValueForColumn1(int)'.\nHowever, the gherkin step has 0 arguments.\nStep text: user compares the average of the row values with the total value for column 1\r\n\tat io.cucumber.core.runner.PickleStepDefinitionMatch.arityMismatch(PickleStepDefinitionMatch.java:83)\r\n\tat io.cucumber.core.runner.PickleStepDefinitionMatch.runStep(PickleStepDefinitionMatch.java:42)\r\n\tat io.cucumber.core.runner.ExecutionMode$1.execute(ExecutionMode.java:10)\r\n\tat io.cucumber.core.runner.TestStep.executeStep(TestStep.java:92)\r\n\tat io.cucumber.core.runner.TestStep.run(TestStep.java:64)\r\n\tat io.cucumber.core.runner.PickleStepTestStep.run(PickleStepTestStep.java:51)\r\n\tat io.cucumber.core.runner.TestCase.run(TestCase.java:104)\r\n\tat io.cucumber.core.runner.Runner.runPickle(Runner.java:71)\r\n\tat io.cucumber.testng.TestNGCucumberRunner.lambda$runScenario$0(TestNGCucumberRunner.java:116)\r\n\tat io.cucumber.core.runtime.CucumberExecutionContext.runTestCase(CucumberExecutionContext.java:117)\r\n\tat io.cucumber.testng.TestNGCucumberRunner.runScenario(TestNGCucumberRunner.java:113)\r\n\tat io.cucumber.testng.AbstractTestNGCucumberTests.runScenario(AbstractTestNGCucumberTests.java:31)\r\n\tat java.base/jdk.internal.reflect.NativeMethodAccessorImpl.invoke0(Native Method)\r\n\tat java.base/jdk.internal.reflect.NativeMethodAccessorImpl.invoke(NativeMethodAccessorImpl.java:77)\r\n\tat java.base/jdk.internal.reflect.DelegatingMethodAccessorImpl.invoke(DelegatingMethodAccessorImpl.java:43)\r\n\tat java.base/java.lang.reflect.Method.invoke(Method.java:568)\r\n\tat org.testng.internal.MethodInvocationHelper.invokeMethod(MethodInvocationHelper.java:85)\r\n\tat org.testng.internal.Invoker.invokeMethod(Invoker.java:659)\r\n\tat org.testng.internal.Invoker.invokeTestMethod(Invoker.java:845)\r\n\tat org.testng.internal.Invoker.invokeTestMethods(Invoker.java:1153)\r\n\tat org.testng.internal.TestMethodWorker.invokeTestMethods(TestMethodWorker.java:125)\r\n\tat org.testng.internal.TestMethodWorker.run(TestMethodWorker.java:108)\r\n\tat org.testng.TestRunner.privateRun(TestRunner.java:771)\r\n\tat org.testng.TestRunner.run(TestRunner.java:621)\r\n\tat org.testng.SuiteRunner.runTest(SuiteRunner.java:357)\r\n\tat org.testng.SuiteRunner.access$000(SuiteRunner.java:38)\r\n\tat org.testng.SuiteRunner$SuiteWorker.run(SuiteRunner.java:391)\r\n\tat org.testng.internal.thread.ThreadUtil$2.call(ThreadUtil.java:64)\r\n\tat java.base/java.util.concurrent.FutureTask.run(FutureTask.java:264)\r\n\tat java.base/java.util.concurrent.ThreadPoolExecutor.runWorker(ThreadPoolExecutor.java:1136)\r\n\tat java.base/java.util.concurrent.ThreadPoolExecutor$Worker.run(ThreadPoolExecutor.java:635)\r\n\tat java.base/java.lang.Thread.run(Thread.java:833)\r\n"},"stage":"finished","description":"  Check if the sum of values from each row corresponds with the value from the total row","steps":[{"name":"Given  a user reads test data from \"otto\" \"otto\" by id \"SI_001\"","status":"passed","statusDetails":{"known":false,"muted":false,"flaky":false},"stage":"finished","steps":[],"attachments":[],"parameters":[],"start":1752788689256,"stop":1752788689367},{"name":"And  user enter email and password","status":"passed","statusDetails":{"known":false,"muted":false,"flaky":false},"stage":"finished","steps":[],"attachments":[],"parameters":[],"start":1752788689367,"stop":1752788690832},{"name":"And  user press login button","status":"passed","statusDetails":{"known":false,"muted":false,"flaky":false},"stage":"finished","steps":[],"attachments":[],"parameters":[],"start":1752788690832,"stop":1752788691751},{"name":"Then  user verify login action","status":"passed","statusDetails":{"known":false,"muted":false,"flaky":false},"stage":"finished","steps":[],"attachments":[],"parameters":[],"start":1752788691751,"stop":1752788694486},{"name":"And  user press program picker menu","status":"passed","statusDetails":{"known":false,"muted":false,"flaky":false},"stage":"finished","steps":[],"attachments":[],"parameters":[],"start":1752788694486,"stop":1752788695072},{"name":"And  user select camera system vt1","status":"passed","statusDetails":{"known":false,"muted":false,"flaky":false},"stage":"finished","steps":[],"attachments":[],"parameters":[],"start":1752788695072,"stop":1752788695785},{"name":"And  user select lines option","status":"passed","statusDetails":{"known":false,"muted":false,"flaky":false},"stage":"finished","steps":[],"attachments":[],"parameters":[],"start":1752788695786,"stop":1752788702596},{"name":"And  user compares the average of the row values with the total value for column 1","status":"broken","statusDetails":{"known":false,"muted":false,"flaky":false,"message":"Step [user compares the average of the row values with the total value for column 1] is defined with 1 parameters at 'steps.BaseSteps.userComparesTheAverageOfTheRowValuesWithTheTotalValueForColumn1(int)'.\nHowever, the gherkin step has 0 arguments.\nStep text: user compares the average of the row values with the total value for column 1","trace":"io.cucumber.core.exception.CucumberException: Step [user compares the average of the row values with the total value for column 1] is defined with 1 parameters at 'steps.BaseSteps.userComparesTheAverageOfTheRowValuesWithTheTotalValueForColumn1(int)'.\nHowever, the gherkin step has 0 arguments.\nStep text: user compares the average of the row values with the total value for column 1\r\n\tat io.cucumber.core.runner.PickleStepDefinitionMatch.arityMismatch(PickleStepDefinitionMatch.java:83)\r\n\tat io.cucumber.core.runner.PickleStepDefinitionMatch.runStep(PickleStepDefinitionMatch.java:42)\r\n\tat io.cucumber.core.runner.ExecutionMode$1.execute(ExecutionMode.java:10)\r\n\tat io.cucumber.core.runner.TestStep.executeStep(TestStep.java:92)\r\n\tat io.cucumber.core.runner.TestStep.run(TestStep.java:64)\r\n\tat io.cucumber.core.runner.PickleStepTestStep.run(PickleStepTestStep.java:51)\r\n\tat io.cucumber.core.runner.TestCase.run(TestCase.java:104)\r\n\tat io.cucumber.core.runner.Runner.runPickle(Runner.java:71)\r\n\tat io.cucumber.testng.TestNGCucumberRunner.lambda$runScenario$0(TestNGCucumberRunner.java:116)\r\n\tat io.cucumber.core.runtime.CucumberExecutionContext.runTestCase(CucumberExecutionContext.java:117)\r\n\tat io.cucumber.testng.TestNGCucumberRunner.runScenario(TestNGCucumberRunner.java:113)\r\n\tat io.cucumber.testng.AbstractTestNGCucumberTests.runScenario(AbstractTestNGCucumberTests.java:31)\r\n\tat java.base/jdk.internal.reflect.NativeMethodAccessorImpl.invoke0(Native Method)\r\n\tat java.base/jdk.internal.reflect.NativeMethodAccessorImpl.invoke(NativeMethodAccessorImpl.java:77)\r\n\tat java.base/jdk.internal.reflect.DelegatingMethodAccessorImpl.invoke(DelegatingMethodAccessorImpl.java:43)\r\n\tat java.base/java.lang.reflect.Method.invoke(Method.java:568)\r\n\tat org.testng.internal.MethodInvocationHelper.invokeMethod(MethodInvocationHelper.java:85)\r\n\tat org.testng.internal.Invoker.invokeMethod(Invoker.java:659)\r\n\tat org.testng.internal.Invoker.invokeTestMethod(Invoker.java:845)\r\n\tat org.testng.internal.Invoker.invokeTestMethods(Invoker.java:1153)\r\n\tat org.testng.internal.TestMethodWorker.invokeTestMethods(TestMethodWorker.java:125)\r\n\tat org.testng.internal.TestMethodWorker.run(TestMethodWorker.java:108)\r\n\tat org.testng.TestRunner.privateRun(TestRunner.java:771)\r\n\tat org.testng.TestRunner.run(TestRunner.java:621)\r\n\tat org.testng.SuiteRunner.runTest(SuiteRunner.java:357)\r\n\tat org.testng.SuiteRunner.access$000(SuiteRunner.java:38)\r\n\tat org.testng.SuiteRunner$SuiteWorker.run(SuiteRunner.java:391)\r\n\tat org.testng.internal.thread.ThreadUtil$2.call(ThreadUtil.java:64)\r\n\tat java.base/java.util.concurrent.FutureTask.run(FutureTask.java:264)\r\n\tat java.base/java.util.concurrent.ThreadPoolExecutor.runWorker(ThreadPoolExecutor.java:1136)\r\n\tat java.base/java.util.concurrent.ThreadPoolExecutor$Worker.run(ThreadPoolExecutor.java:635)\r\n\tat java.base/java.lang.Thread.run(Thread.java:833)\r\n"},"stage":"finished","steps":[],"attachments":[],"parameters":[],"start":1752788702597,"stop":1752788702605},{"name":"And  user compares the average of the row values with the total value for column 2","status":"skipped","statusDetails":{"known":false,"muted":false,"flaky":false},"stage":"finished","steps":[],"attachments":[],"parameters":[],"start":1752788702610,"stop":1752788702611}],"attachments":[],"parameters":[{"name":"TC_ID","value":"SI_001"}],"start":1752788685231,"stop":1752788702615,"uuid":"8b6970a4-c558-4709-ba58-8675e40486f3","historyId":"646248b73f77509896e2205bb1ee629e","fullName":"Log in to the application,select program Camera System V1, navigate to KPI Sensor and select Lanes.: Open KPI Sensor/FCM/Lanes","labels":[{"name":"tag","value":"Otto"},{"name":"host","value":"DESKTOP-AP7M6UT"},{"name":"thread","value":"25252@DESKTOP-AP7M6UT.TestNG(18)"},{"name":"feature","value":"Log in to the application,select program Camera System V1, navigate to KPI Sensor and select Lanes."},{"name":"story","value":"Open KPI Sensor/FCM/Lanes"},{"name":"suite","value":"Log in to the application,select program Camera System V1, navigate to KPI Sensor and select Lanes."},{"name":"testClass","value":"Open KPI Sensor/FCM/Lanes"},{"name":"framework","value":"cucumber4jvm"},{"name":"language","value":"java"},{"name":"gherkin_uri","value":"file:///C:/Users/Lenovo/Desktop/QAprojekti/Automation_projekti/Otto/src/test/java/features/2_Lanes.feature"},{"name":"package","value":"src.test.java.features.2_Lanes_feature.Log in to the application,select program Camera System V1, navigate to KPI Sensor and select Lanes."}],"links":[]}